<?xml version="1.0" encoding="UTF-8"?>
<testsuite name="mingle.chang.api.ApiApplicationTests" tests="1" skipped="0" failures="0" errors="0" timestamp="2019-10-24T07:42:36" hostname="bogon" time="0.055">
  <properties/>
  <testcase name="contextLoads()" classname="mingle.chang.api.ApiApplicationTests" time="0.055"/>
  <system-out><![CDATA[15:42:33.284 [Test worker] DEBUG org.springframework.test.context.BootstrapUtils - Instantiating CacheAwareContextLoaderDelegate from class [org.springframework.test.context.cache.DefaultCacheAwareContextLoaderDelegate]
15:42:33.299 [Test worker] DEBUG org.springframework.test.context.BootstrapUtils - Instantiating BootstrapContext using constructor [public org.springframework.test.context.support.DefaultBootstrapContext(java.lang.Class,org.springframework.test.context.CacheAwareContextLoaderDelegate)]
15:42:33.323 [Test worker] DEBUG org.springframework.test.context.BootstrapUtils - Instantiating TestContextBootstrapper for test class [mingle.chang.api.ApiApplicationTests] from class [org.springframework.boot.test.context.SpringBootTestContextBootstrapper]
15:42:33.338 [Test worker] INFO org.springframework.boot.test.context.SpringBootTestContextBootstrapper - Neither @ContextConfiguration nor @ContextHierarchy found for test class [mingle.chang.api.ApiApplicationTests], using SpringBootContextLoader
15:42:33.342 [Test worker] DEBUG org.springframework.test.context.support.AbstractContextLoader - Did not detect default resource location for test class [mingle.chang.api.ApiApplicationTests]: class path resource [mingle/chang/api/ApiApplicationTests-context.xml] does not exist
15:42:33.342 [Test worker] DEBUG org.springframework.test.context.support.AbstractContextLoader - Did not detect default resource location for test class [mingle.chang.api.ApiApplicationTests]: class path resource [mingle/chang/api/ApiApplicationTestsContext.groovy] does not exist
15:42:33.343 [Test worker] INFO org.springframework.test.context.support.AbstractContextLoader - Could not detect default resource locations for test class [mingle.chang.api.ApiApplicationTests]: no resource found for suffixes {-context.xml, Context.groovy}.
15:42:33.343 [Test worker] INFO org.springframework.test.context.support.AnnotationConfigContextLoaderUtils - Could not detect default configuration classes for test class [mingle.chang.api.ApiApplicationTests]: ApiApplicationTests does not declare any static, non-private, non-final, nested classes annotated with @Configuration.
15:42:33.372 [Test worker] DEBUG org.springframework.test.context.support.ActiveProfilesUtils - Could not find an 'annotation declaring class' for annotation type [org.springframework.test.context.ActiveProfiles] and class [mingle.chang.api.ApiApplicationTests]
15:42:33.435 [Test worker] DEBUG org.springframework.context.annotation.ClassPathScanningCandidateComponentProvider - Identified candidate component class: file [/Users/mingle/Code/__GITHUB/api_kotlin/build/classes/kotlin/main/mingle/chang/api/ApiApplication.class]
15:42:33.437 [Test worker] INFO org.springframework.boot.test.context.SpringBootTestContextBootstrapper - Found @SpringBootConfiguration mingle.chang.api.ApiApplication for test class mingle.chang.api.ApiApplicationTests
15:42:33.507 [Test worker] DEBUG org.springframework.boot.test.context.SpringBootTestContextBootstrapper - @TestExecutionListeners is not present for class [mingle.chang.api.ApiApplicationTests]: using defaults.
15:42:33.507 [Test worker] INFO org.springframework.boot.test.context.SpringBootTestContextBootstrapper - Loaded default TestExecutionListener class names from location [META-INF/spring.factories]: [org.springframework.boot.test.autoconfigure.restdocs.RestDocsTestExecutionListener, org.springframework.boot.test.autoconfigure.web.client.MockRestServiceServerResetTestExecutionListener, org.springframework.boot.test.autoconfigure.web.servlet.MockMvcPrintOnlyOnFailureTestExecutionListener, org.springframework.boot.test.autoconfigure.web.servlet.WebDriverTestExecutionListener, org.springframework.boot.test.mock.mockito.MockitoTestExecutionListener, org.springframework.boot.test.mock.mockito.ResetMocksTestExecutionListener, org.springframework.test.context.web.ServletTestExecutionListener, org.springframework.test.context.support.DirtiesContextBeforeModesTestExecutionListener, org.springframework.test.context.support.DependencyInjectionTestExecutionListener, org.springframework.test.context.support.DirtiesContextTestExecutionListener, org.springframework.test.context.transaction.TransactionalTestExecutionListener, org.springframework.test.context.jdbc.SqlScriptsTestExecutionListener, org.springframework.test.context.event.EventPublishingTestExecutionListener]
15:42:33.519 [Test worker] INFO org.springframework.boot.test.context.SpringBootTestContextBootstrapper - Using TestExecutionListeners: [org.springframework.test.context.web.ServletTestExecutionListener@4210e7a4, org.springframework.test.context.support.DirtiesContextBeforeModesTestExecutionListener@f0f182, org.springframework.boot.test.mock.mockito.MockitoTestExecutionListener@636a1dd3, org.springframework.boot.test.autoconfigure.SpringBootDependencyInjectionTestExecutionListener@1db72583, org.springframework.test.context.support.DirtiesContextTestExecutionListener@58dfdc56, org.springframework.test.context.transaction.TransactionalTestExecutionListener@5fa45a2e, org.springframework.test.context.jdbc.SqlScriptsTestExecutionListener@6c93408c, org.springframework.test.context.event.EventPublishingTestExecutionListener@482ceba0, org.springframework.boot.test.autoconfigure.restdocs.RestDocsTestExecutionListener@6e37b39f, org.springframework.boot.test.autoconfigure.web.client.MockRestServiceServerResetTestExecutionListener@13bfe15d, org.springframework.boot.test.autoconfigure.web.servlet.MockMvcPrintOnlyOnFailureTestExecutionListener@65de4486, org.springframework.boot.test.autoconfigure.web.servlet.WebDriverTestExecutionListener@4a80d276, org.springframework.boot.test.mock.mockito.ResetMocksTestExecutionListener@19f83bf2]
15:42:33.522 [Test worker] DEBUG org.springframework.test.context.support.AbstractDirtiesContextTestExecutionListener - Before test class: context [DefaultTestContext@9d1cd84 testClass = ApiApplicationTests, testInstance = [null], testMethod = [null], testException = [null], mergedContextConfiguration = [WebMergedContextConfiguration@27502f34 testClass = ApiApplicationTests, locations = '{}', classes = '{class mingle.chang.api.ApiApplication}', contextInitializerClasses = '[]', activeProfiles = '{}', propertySourceLocations = '{}', propertySourceProperties = '{org.springframework.boot.test.context.SpringBootTestContextBootstrapper=true}', contextCustomizers = set[org.springframework.boot.test.autoconfigure.properties.PropertyMappingContextCustomizer@0, org.springframework.boot.test.autoconfigure.web.servlet.WebDriverContextCustomizerFactory$Customizer@1d9b2fa2, org.springframework.boot.test.context.filter.ExcludeFilterContextCustomizer@3f926ab4, org.springframework.boot.test.json.DuplicateJsonObjectContextCustomizerFactory$DuplicateJsonObjectContextCustomizer@7c34501b, org.springframework.boot.test.mock.mockito.MockitoContextCustomizer@0, org.springframework.boot.test.web.client.TestRestTemplateContextCustomizer@70b305f2], resourceBasePath = 'src/main/webapp', contextLoader = 'org.springframework.boot.test.context.SpringBootContextLoader', parent = [null]], attributes = map['org.springframework.test.context.web.ServletTestExecutionListener.activateListener' -> true]], class annotated with @DirtiesContext [false] with mode [null].
15:42:33.543 [Test worker] DEBUG org.springframework.test.context.support.TestPropertySourceUtils - Adding inlined properties to environment: {spring.jmx.enabled=false, org.springframework.boot.test.context.SpringBootTestContextBootstrapper=true, server.port=-1}

  .   ____          _            __ _ _
 /\\ / ___'_ __ _ _(_)_ __  __ _ \ \ \ \
( ( )\___ | '_ | '_| | '_ \/ _` | \ \ \ \
 \\/  ___)| |_)| | | | | || (_| |  ) ) ) )
  '  |____| .__|_| |_|_| |_\__, | / / / /
 =========|_|==============|___/=/_/_/_/
 :: Spring Boot ::        (v2.2.0.RELEASE)

2019-10-24 15:42:33.750  INFO 2501 --- [    Test worker] mingle.chang.api.ApiApplicationTests     : Starting ApiApplicationTests on bogon with PID 2501 (started by mingle in /Users/mingle/Code/__GITHUB/api_kotlin)
2019-10-24 15:42:33.751  INFO 2501 --- [    Test worker] mingle.chang.api.ApiApplicationTests     : The following profiles are active: dev
2019-10-24 15:42:34.259  INFO 2501 --- [    Test worker] .s.d.r.c.RepositoryConfigurationDelegate : Bootstrapping Spring Data repositories in DEFAULT mode.
2019-10-24 15:42:34.322  INFO 2501 --- [    Test worker] .s.d.r.c.RepositoryConfigurationDelegate : Finished Spring Data repository scanning in 53ms. Found 1 repository interfaces.
2019-10-24 15:42:34.644  INFO 2501 --- [    Test worker] trationDelegate$BeanPostProcessorChecker : Bean 'org.springframework.transaction.annotation.ProxyTransactionManagementConfiguration' of type [org.springframework.transaction.annotation.ProxyTransactionManagementConfiguration] is not eligible for getting processed by all BeanPostProcessors (for example: not eligible for auto-proxying)
2019-10-24 15:42:34.818  INFO 2501 --- [    Test worker] o.hibernate.jpa.internal.util.LogHelper  : HHH000204: Processing PersistenceUnitInfo [name: default]
2019-10-24 15:42:34.875  INFO 2501 --- [    Test worker] org.hibernate.Version                    : HHH000412: Hibernate Core {5.4.6.Final}
2019-10-24 15:42:34.998  INFO 2501 --- [    Test worker] o.hibernate.annotations.common.Version   : HCANN000001: Hibernate Commons Annotations {5.1.0.Final}
2019-10-24 15:42:35.082  INFO 2501 --- [    Test worker] com.zaxxer.hikari.HikariDataSource       : HikariPool-1 - Starting...
2019-10-24 15:42:35.230  INFO 2501 --- [    Test worker] com.zaxxer.hikari.HikariDataSource       : HikariPool-1 - Start completed.
2019-10-24 15:42:35.253  INFO 2501 --- [    Test worker] org.hibernate.dialect.Dialect            : HHH000400: Using dialect: org.hibernate.dialect.MySQL8Dialect
2019-10-24 15:42:35.403  WARN 2501 --- [    Test worker] org.hibernate.id.UUIDHexGenerator        : HHH000409: Using org.hibernate.id.UUIDHexGenerator which does not generate IETF RFC 4122 compliant UUID values; consider using org.hibernate.id.UUIDGenerator instead
2019-10-24 15:42:35.684  INFO 2501 --- [    Test worker] o.h.e.t.j.p.i.JtaPlatformInitiator       : HHH000490: Using JtaPlatform implementation: [org.hibernate.engine.transaction.jta.platform.internal.NoJtaPlatform]
2019-10-24 15:42:35.689  INFO 2501 --- [    Test worker] j.LocalContainerEntityManagerFactoryBean : Initialized JPA EntityManagerFactory for persistence unit 'default'
2019-10-24 15:42:36.142  WARN 2501 --- [    Test worker] JpaBaseConfiguration$JpaWebConfiguration : spring.jpa.open-in-view is enabled by default. Therefore, database queries may be performed during view rendering. Explicitly configure spring.jpa.open-in-view to disable this warning
2019-10-24 15:42:36.338  INFO 2501 --- [    Test worker] o.s.s.concurrent.ThreadPoolTaskExecutor  : Initializing ExecutorService 'applicationTaskExecutor'
2019-10-24 15:42:36.798  INFO 2501 --- [    Test worker] mingle.chang.api.ApiApplicationTests     : Started ApiApplicationTests in 3.248 seconds (JVM running for 4.188)
]]></system-out>
  <system-err><![CDATA[]]></system-err>
</testsuite>
